<?xml version="1.0" encoding="UTF-8"?>
<!-- Generated by org.testng.reporters.JUnitReportReporter -->
<testsuite hostname="Snehas-MBP.hsd1.de.comcast.net" failures="0" tests="16" name="com.Ds_Algo_Portal.testcases.TC_LinkedList_008" time="6.945" errors="0" timestamp="2023-03-08T15:41:59 EST" skipped="0">
  <testcase classname="com.Ds_Algo_Portal.testcases.TC_LinkedList_008" name="clickInsertionl57" time="0.318"/>
  <system-out/>
  <testcase classname="com.Ds_Algo_Portal.testcases.TC_LinkedList_008" name="clicknsertionTryHereButton60" time="0.566"/>
  <system-out/>
  <testcase classname="com.Ds_Algo_Portal.testcases.TC_LinkedList_008" name="clickTraversalTryHereButton56" time="0.628"/>
  <system-out/>
  <testcase classname="com.Ds_Algo_Portal.testcases.TC_LinkedList_008" name="clickPracticeQuestionlButton61" time="0.288"/>
  <system-out/>
  <testcase classname="com.Ds_Algo_Portal.testcases.TC_LinkedList_008" name="clickTraversal55" time="0.397"/>
  <system-out/>
  <testcase classname="com.Ds_Algo_Portal.testcases.TC_LinkedList_008" name="clickDeletion59" time="0.301"/>
  <system-out/>
  <testcase classname="com.Ds_Algo_Portal.testcases.TC_LinkedList_008" name="clickTypeOfLinkedListTryHereButton52" time="0.544"/>
  <system-out/>
  <testcase classname="com.Ds_Algo_Portal.testcases.TC_LinkedList_008" name="clicknsertionTryHereButton58" time="0.519"/>
  <system-out/>
  <testcase classname="com.Ds_Algo_Portal.testcases.TC_LinkedList_008" name="clickTypesOfLinkedListButton51" time="0.303"/>
  <system-out/>
  <testcase classname="com.Ds_Algo_Portal.testcases.TC_LinkedList_008" name="clickTypeOfLinkedListTryHereButton54" time="0.644"/>
  <system-out/>
  <testcase classname="com.Ds_Algo_Portal.testcases.TC_LinkedList_008" name="clickImplimentLinkedList53" time="0.317"/>
  <system-out/>
  <testcase classname="com.Ds_Algo_Portal.testcases.TC_LinkedList_008" name="clickLikedListGetStartedButtonTest46" time="0.355"/>
  <system-out/>
  <testcase classname="com.Ds_Algo_Portal.testcases.TC_LinkedList_008" name="clickIntroductionButton47" time="0.366"/>
  <system-out/>
  <testcase classname="com.Ds_Algo_Portal.testcases.TC_LinkedList_008" name="clickIntroductionTryHereButton48" time="0.549"/>
  <system-out/>
  <testcase classname="com.Ds_Algo_Portal.testcases.TC_LinkedList_008" name="clickCreatingLinkedListButton49" time="0.295"/>
  <system-out/>
  <testcase classname="com.Ds_Algo_Portal.testcases.TC_LinkedList_008" name="clickLinkedListCreatingLinkedListTryHereButton50" time="0.555"/>
  <system-out/>
</testsuite> <!-- com.Ds_Algo_Portal.testcases.TC_LinkedList_008 -->
