<?xml version="1.0" encoding="UTF-8"?>
<!-- Generated by org.testng.reporters.JUnitReportReporter -->
<testsuite hostname="Snehas-MBP.hsd1.de.comcast.net" failures="0" tests="10" name="com.Ds_Algo_Portal.testcases.TC_Queue_010" time="3.733" errors="0" timestamp="2023-03-08T15:41:59 EST" skipped="0">
  <testcase classname="com.Ds_Algo_Portal.testcases.TC_Queue_010" name="clickQueueGetStartedButtonTest70" time="0.274"/>
  <system-out/>
  <testcase classname="com.Ds_Algo_Portal.testcases.TC_Queue_010" name="clickImplementationOfQueuePythonTest71" time="0.283"/>
  <system-out/>
  <testcase classname="com.Ds_Algo_Portal.testcases.TC_Queue_010" name="clickImplementationOfQueueInPythonTryHere72" time="0.583"/>
  <system-out/>
  <testcase classname="com.Ds_Algo_Portal.testcases.TC_Queue_010" name="clickImplementationOfUsingCollectionsTest73" time="0.252"/>
  <system-out/>
  <testcase classname="com.Ds_Algo_Portal.testcases.TC_Queue_010" name="clickImplementationUsingCollectionTryHere74" time="0.519"/>
  <system-out/>
  <testcase classname="com.Ds_Algo_Portal.testcases.TC_Queue_010" name="clickImplementationUsingArrayTest75" time="0.253"/>
  <system-out/>
  <testcase classname="com.Ds_Algo_Portal.testcases.TC_Queue_010" name="clickImplementationUsingArrayTryHere76" time="0.494"/>
  <system-out/>
  <testcase classname="com.Ds_Algo_Portal.testcases.TC_Queue_010" name="clickQueueOperationsTest77" time="0.348"/>
  <system-out/>
  <testcase classname="com.Ds_Algo_Portal.testcases.TC_Queue_010" name="clickQueueOperationsTryHere78" time="0.478"/>
  <system-out/>
  <testcase classname="com.Ds_Algo_Portal.testcases.TC_Queue_010" name="clickQueuePracticeQuestionTest79" time="0.249"/>
  <system-out/>
</testsuite> <!-- com.Ds_Algo_Portal.testcases.TC_Queue_010 -->
