<?xml version="1.0" encoding="UTF-8"?>
<!-- Generated by org.testng.reporters.JUnitReportReporter -->
<testsuite hostname="Snehas-MBP.hsd1.de.comcast.net" failures="0" tests="13" name="com.Ds_Algo_Portal.testcases.TC_Tree" time="9.949" errors="0" timestamp="2023-03-08T15:41:59 EST" skipped="0">
  <testcase classname="com.Ds_Algo_Portal.testcases.TC_Tree" name="testTree" time="0.636"/>
  <system-out/>
  <testcase classname="com.Ds_Algo_Portal.testcases.TC_Tree" name="testTerminology" time="0.828"/>
  <system-out/>
  <testcase classname="com.Ds_Algo_Portal.testcases.TC_Tree" name="testTreeTypes" time="0.739"/>
  <system-out/>
  <testcase classname="com.Ds_Algo_Portal.testcases.TC_Tree" name="testTreeTraversals" time="0.818"/>
  <system-out/>
  <testcase classname="com.Ds_Algo_Portal.testcases.TC_Tree" name="testTraversalIllustration" time="0.736"/>
  <system-out/>
  <testcase classname="com.Ds_Algo_Portal.testcases.TC_Tree" name="testBinaryTree" time="0.695"/>
  <system-out/>
  <testcase classname="com.Ds_Algo_Portal.testcases.TC_Tree" name="testBinaryTreeTypes" time="0.766"/>
  <system-out/>
  <testcase classname="com.Ds_Algo_Portal.testcases.TC_Tree" name="testPythonimplementation" time="0.777"/>
  <system-out/>
  <testcase classname="com.Ds_Algo_Portal.testcases.TC_Tree" name="testBinaryTreeTraversal" time="0.686"/>
  <system-out/>
  <testcase classname="com.Ds_Algo_Portal.testcases.TC_Tree" name="testBinaryTreeImplementation" time="0.694"/>
  <system-out/>
  <testcase classname="com.Ds_Algo_Portal.testcases.TC_Tree" name="testBinaryApplication" time="0.729"/>
  <system-out/>
  <testcase classname="com.Ds_Algo_Portal.testcases.TC_Tree" name="testBinarySearchTree" time="1.138"/>
  <system-out/>
  <testcase classname="com.Ds_Algo_Portal.testcases.TC_Tree" name="testBSTImplementation" time="0.707"/>
  <system-out/>
</testsuite> <!-- com.Ds_Algo_Portal.testcases.TC_Tree -->
