<?xml version="1.0" encoding="UTF-8"?>
<!-- Generated by org.testng.reporters.JUnitReportReporter -->
<testsuite hostname="Snehas-MBP.hsd1.de.comcast.net" failures="0" tests="1" name="com.Ds_Algo_Portal.testcases.TC_SignOut_005" time="0.250" errors="0" timestamp="2023-03-08T15:41:59 EST" skipped="0">
  <testcase classname="com.Ds_Algo_Portal.testcases.TC_SignOut_005" name="signoutTest27" time="0.250"/>
  <system-out/>
</testsuite> <!-- com.Ds_Algo_Portal.testcases.TC_SignOut_005 -->
