<?xml version="1.0" encoding="UTF-8"?>
<!-- Generated by org.testng.reporters.JUnitReportReporter -->
<testsuite hostname="Snehas-MBP.hsd1.de.comcast.net" failures="0" tests="2" name="com.Ds_Algo_Portal.testcases.TC_Graph" time="1.561" errors="0" timestamp="2023-03-08T15:41:59 EST" skipped="0">
  <testcase classname="com.Ds_Algo_Portal.testcases.TC_Graph" name="testGraph" time="0.649"/>
  <system-out/>
  <testcase classname="com.Ds_Algo_Portal.testcases.TC_Graph" name="testGraphRepresentation" time="0.912"/>
  <system-out/>
</testsuite> <!-- com.Ds_Algo_Portal.testcases.TC_Graph -->
