<?xml version="1.0" encoding="UTF-8"?>
<!-- Generated by org.testng.reporters.JUnitReportReporter -->
<testsuite hostname="Snehas-MBP.hsd1.de.comcast.net" failures="0" tests="8" name="com.Ds_Algo_Portal.testcases.TC_Stack_009" time="2.838" errors="0" timestamp="2023-03-08T15:41:59 EST" skipped="0">
  <testcase classname="com.Ds_Algo_Portal.testcases.TC_Stack_009" name="clickGetStaredButtonOfStackTest62" time="0.246"/>
  <system-out/>
  <testcase classname="com.Ds_Algo_Portal.testcases.TC_Stack_009" name="clickOperationInStackButtonTest63" time="0.283"/>
  <system-out/>
  <testcase classname="com.Ds_Algo_Portal.testcases.TC_Stack_009" name="clickOperationInStackTryHereButtonTest64" time="0.555"/>
  <system-out/>
  <testcase classname="com.Ds_Algo_Portal.testcases.TC_Stack_009" name="clickImplementationButtonTest65" time="0.251"/>
  <system-out/>
  <testcase classname="com.Ds_Algo_Portal.testcases.TC_Stack_009" name="clickImplementationTryHereButtonTest66" time="0.449"/>
  <system-out/>
  <testcase classname="com.Ds_Algo_Portal.testcases.TC_Stack_009" name="clickApplicationsButtonTest67" time="0.256"/>
  <system-out/>
  <testcase classname="com.Ds_Algo_Portal.testcases.TC_Stack_009" name="clickApplicationsTryHereButtonTest68" time="0.548"/>
  <system-out/>
  <testcase classname="com.Ds_Algo_Portal.testcases.TC_Stack_009" name="clickPracticequestionButtonTest69" time="0.250"/>
  <system-out/>
</testsuite> <!-- com.Ds_Algo_Portal.testcases.TC_Stack_009 -->
