<?xml version="1.0" encoding="UTF-8"?>
<!-- Generated by org.testng.reporters.JUnitReportReporter -->
<testsuite hostname="Snehas-MBP.hsd1.de.comcast.net" failures="0" tests="2" name="com.Ds_Algo_Portal.testcases.TC_WelcomePage_001" time="1.974" errors="0" timestamp="2023-03-08T18:56:40 EST" skipped="0">
  <testcase classname="com.Ds_Algo_Portal.testcases.TC_WelcomePage_001" name="welcomePageTest" time="0.376"/>
  <system-out/>
  <testcase classname="com.Ds_Algo_Portal.testcases.TC_WelcomePage_001" name="welcomePageClickTest" time="1.598"/>
  <system-out/>
</testsuite> <!-- com.Ds_Algo_Portal.testcases.TC_WelcomePage_001 -->
